\BOOKMARK [0][-]{section*.3}{\376\377\006\101\006\107\006\061\006\063\006\052\000\040\006\052\006\065\006\047\006\110\006\314\006\061}{}% 1
\BOOKMARK [0][-]{section*.4}{\376\377\006\101\006\107\006\061\006\063\006\052\000\040\006\054\006\057\006\047\006\110\006\104}{}% 2
\BOOKMARK [0][-]{chapter.1}{\376\377\006\105\006\102\006\057\006\105\006\107}{}% 3
\BOOKMARK [1][-]{section.1.1}{\376\377\006\057\006\063\006\052\006\047\006\110\006\061\006\057\006\107\006\047\006\314\000\040\006\176\006\230\006\110\006\107\006\064}{chapter.1}% 4
\BOOKMARK [1][-]{section.1.2}{\376\377\006\063\006\047\006\056\006\052\006\047\006\061\000\040\006\105\006\067\006\047\006\104\006\050}{chapter.1}% 5
\BOOKMARK [0][-]{chapter.2}{\376\377\006\047\006\057\006\050\006\314\006\047\006\052\000\040\006\105\006\110\006\066\006\110\006\071\000\040\006\110\000\040\006\251\006\047\006\061\006\107\006\047\006\314\000\040\006\176\006\314\006\064\006\314\006\106}{}% 6
\BOOKMARK [1][-]{section.2.1}{\376\377\006\064\006\106\006\047\006\063\006\047\006\314\006\314\000\040\006\101\006\071\006\047\006\104\006\314\006\052\000\040\006\047\006\106\006\063\006\047\006\106}{chapter.2}% 7
\BOOKMARK [2][-]{subsection.2.1.1}{\376\377\006\052\006\071\006\061\006\314\006\101\000\040\006\105\006\063\006\046\006\104\006\107}{section.2.1}% 8
\BOOKMARK [2][-]{subsection.2.1.2}{\376\377\006\063\006\047\006\050\006\102\006\107\000\040\006\176\006\230\006\110\006\107\006\064}{section.2.1}% 9
\BOOKMARK [1][-]{section.2.2}{\376\377\006\314\006\047\006\057\006\257\006\314\006\061\006\314\000\040\006\056\006\110\006\057\006\106\006\070\006\047\006\061\006\052\006\314}{chapter.2}% 10
\BOOKMARK [2][-]{subsection.2.2.1}{\376\377\006\052\006\071\006\061\006\314\006\101\000\040\006\314\006\047\006\057\006\257\006\314\006\061\006\314\000\040\006\056\006\110\006\057\006\106\006\070\006\047\006\061\006\052\006\314}{section.2.2}% 11
\BOOKMARK [3][-]{subsubsection.2.2.1.1}{\376\377\006\101\006\061\006\105\006\110\006\104\040\014\006\050\006\106\006\057\006\314\000\040\006\314\006\047\006\057\006\257\006\314\006\061\006\314\000\040\006\056\006\110\006\057\006\106\006\070\006\047\006\061\006\052\006\314}{subsection.2.2.1}% 12
\BOOKMARK [2][-]{subsection.2.2.2}{\376\377\006\063\006\047\006\050\006\102\006\107\000\040\006\176\006\230\006\110\006\107\006\064}{section.2.2}% 13
\BOOKMARK [3][-]{subsubsection.2.2.2.1}{\376\377\006\061\006\110\006\064\040\014\006\107\006\047\006\314\000\040\006\062\006\105\006\314\006\106\006\107\040\014\006\105\006\055\006\110\006\061}{subsection.2.2.2}% 14
\BOOKMARK [3][-]{subsubsection.2.2.2.2}{\376\377\006\061\006\110\006\064\040\014\006\107\006\047\006\314\000\040\006\050\006\047\006\062\006\063\006\047\006\062\006\314\040\014\006\105\006\055\006\110\006\061}{subsection.2.2.2}% 15
\BOOKMARK [3][-]{subsubsection.2.2.2.3}{\376\377\006\314\006\047\006\057\006\257\006\314\006\061\006\314\000\040\006\052\006\050\006\047\006\314\006\106\006\314}{subsection.2.2.2}% 16
\BOOKMARK [3][-]{subsubsection.2.2.2.4}{\376\377\006\176\006\061\006\057\006\047\006\062\006\064\000\040\006\062\006\050\006\047\006\106\000\040\006\067\006\050\006\314\006\071\006\314}{subsection.2.2.2}% 17
\BOOKMARK [1][-]{section.2.3}{\376\377\006\064\006\106\006\047\006\063\006\047\006\314\006\314\000\040\006\101\006\071\006\047\006\104\006\314\006\052\000\040\006\047\006\106\006\063\006\047\006\106\000\040\006\050\006\047\000\040\006\047\006\063\006\052\006\101\006\047\006\057\006\107\000\040\006\047\006\062\000\040\006\314\006\047\006\057\006\257\006\314\006\061\006\314\000\040\006\056\006\110\006\057\006\106\006\070\006\047\006\061\006\052\006\314}{chapter.2}% 18
\BOOKMARK [2][-]{subsection.2.3.1}{\376\377\006\063\006\047\006\050\006\102\006\107\000\040\006\176\006\230\006\110\006\107\006\064}{section.2.3}% 19
\BOOKMARK [3][-]{subsubsection.2.3.1.1}{\376\377\006\064\006\106\006\047\006\063\006\047\006\314\006\314\000\040\006\101\006\071\006\047\006\104\006\314\006\052\000\040\006\105\006\050\006\052\006\106\006\314\000\040\006\050\006\061\000\040\006\061\006\110\006\064\000\040\000C\000P\000C}{subsection.2.3.1}% 20
\BOOKMARK [3][-]{subsubsection.2.3.1.2}{\376\377\006\064\006\106\006\047\006\063\006\047\006\314\006\314\000\040\006\101\006\071\006\047\006\104\006\314\006\052\000\040\006\105\006\050\006\052\006\106\006\314\000\040\006\050\006\061\000\040\006\061\006\110\006\064\000\040\000S\000i\000m\000C\000L\000R}{subsection.2.3.1}% 21
\BOOKMARK [3][-]{subsubsection.2.3.1.3}{\376\377\006\064\006\106\006\047\006\063\006\047\006\314\006\314\000\040\006\101\006\071\006\047\006\104\006\314\006\052\000\040\006\105\006\050\006\052\006\106\006\314\000\040\006\050\006\061\000\040\006\314\006\047\006\057\006\257\006\314\006\061\006\314\000\040\006\105\006\064\006\047\006\061\006\251\006\052\006\314}{subsection.2.3.1}% 22
\BOOKMARK [3][-]{subsubsection.2.3.1.4}{\376\377\006\064\006\106\006\047\006\063\006\047\006\314\006\314\000\040\006\101\006\071\006\047\006\104\006\314\006\052\000\040\006\105\006\050\006\052\006\106\006\314\000\040\006\050\006\061\000\040\006\314\006\047\006\057\006\257\006\314\006\061\006\314\000\040\006\056\006\110\006\057\006\106\006\070\006\047\006\061\006\052\006\314\000\040\006\206\006\106\006\057\006\110\006\070\006\314\006\101\006\107\040\014\006\047\006\314\000\040\006\057\006\061\000\040\006\105\006\102\006\314\006\047\006\063\000\040\006\050\006\062\006\061\006\257}{subsection.2.3.1}% 23
\BOOKMARK [3][-]{subsubsection.2.3.1.5}{\376\377\006\064\006\106\006\047\006\063\006\047\006\314\006\314\000\040\006\101\006\071\006\047\006\104\006\314\006\052\000\040\006\105\006\052\006\102\006\047\006\050\006\104\000-\006\057\006\047\006\057\006\107\040\014\006\047\006\314\000\040\006\050\006\047\000\040\006\176\006\314\006\064\040\014\006\042\006\105\006\110\006\062\006\064\000\040\006\063\006\104\006\063\006\104\006\107\040\014\006\105\006\061\006\047\006\052\006\050\006\314\000\040\006\056\006\110\006\057\006\106\006\070\006\047\006\061\006\052\006\314}{subsection.2.3.1}% 24
\BOOKMARK [1][-]{section.2.4}{\376\377\006\054\006\105\006\071\040\014\006\050\006\106\006\057\006\314}{chapter.2}% 25
\BOOKMARK [0][-]{chapter.3}{\376\377\006\061\006\110\006\064\000\040\006\176\006\314\006\064\006\106\006\107\006\047\006\057\006\314}{}% 26
\BOOKMARK [1][-]{section.3.1}{\376\377\006\052\006\050\006\057\006\314\006\104\000\040\006\105\006\110\006\054\006\251}{chapter.3}% 27
\BOOKMARK [1][-]{section.3.2}{\376\377\006\061\006\110\006\064\000\040\006\176\006\047\006\314\006\107}{chapter.3}% 28
\BOOKMARK [2][-]{subsection.3.2.1}{\376\377\006\251\006\057\006\257\006\060\006\047\006\061\000\040\006\063\006\314\006\257\006\106\006\047\006\104}{section.3.2}% 29
\BOOKMARK [2][-]{subsection.3.2.2}{\376\377\006\251\006\057\006\257\006\060\006\047\006\061\000\040\006\047\006\063\006\251\006\047\006\104\006\110\006\257\006\061\006\047\006\105}{section.3.2}% 30
\BOOKMARK [2][-]{subsection.3.2.3}{\376\377\006\052\006\106\006\070\006\314\006\105\000\040\006\057\006\102\006\314\006\102\000\040\006\105\006\057\006\104}{section.3.2}% 31
\BOOKMARK [1][-]{section.3.3}{\376\377\006\106\006\110\006\042\006\110\006\061\006\314\040\014\006\107\006\047\006\314\000\040\006\176\006\314\006\064\006\106\006\107\006\047\006\057\006\314}{chapter.3}% 32
\BOOKMARK [2][-]{subsection.3.3.1}{\376\377\006\047\006\104\006\257\006\110\006\061\006\314\006\052\006\105\000\040\006\314\006\047\006\057\006\257\006\314\006\061\006\314\000\040\006\052\006\050\006\047\006\314\006\106\006\314\000\040\000S\000w\000A\000V}{section.3.3}% 33
\BOOKMARK [3][-]{subsubsection.3.3.1.1}{\376\377\006\052\006\047\006\050\006\071\000\040\006\107\006\062\006\314\006\106\006\107\000\040\006\176\006\314\006\064\040\014\006\050\006\314\006\106\006\314\000\040\006\052\006\071\006\110\006\314\006\066\040\014\006\064\006\057\006\107}{subsection.3.3.1}% 34
\BOOKMARK [3][-]{subsubsection.3.3.1.2}{\376\377\006\061\006\047\006\107\006\050\006\061\006\057\000\040\006\050\006\061\006\064\000\040\006\206\006\106\006\057\006\257\006\047\006\106\006\107}{subsection.3.3.1}% 35
\BOOKMARK [2][-]{subsection.3.3.2}{\376\377\006\061\006\047\006\107\006\050\006\061\006\057\000\040\006\057\006\047\006\057\006\107\040\014\006\047\006\101\006\062\006\047\006\314\006\314}{section.3.3}% 36
\BOOKMARK [1][-]{section.3.4}{\376\377\006\054\006\105\006\071\040\014\006\050\006\106\006\057\006\314}{chapter.3}% 37
\BOOKMARK [0][-]{chapter.4}{\376\377\006\042\006\062\006\105\006\047\006\314\006\064\040\014\006\107\006\047\000\040\006\110\000\040\006\106\006\052\006\047\006\314\006\054}{}% 38
\BOOKMARK [1][-]{section.4.1}{\376\377\006\105\006\054\006\105\006\110\006\071\006\107\000\040\006\057\006\047\006\057\006\107}{chapter.4}% 39
\BOOKMARK [2][-]{subsection.4.1.1}{\376\377\006\105\006\054\006\105\006\110\006\071\006\107\000\040\006\057\006\047\006\057\006\107\000\040\000H\000A\000P\000T}{section.4.1}% 40
\BOOKMARK [2][-]{subsection.4.1.2}{\376\377\006\105\006\054\006\105\006\110\006\071\006\107\000\040\006\057\006\047\006\057\006\107\000\040\000M\000o\000b\000i\000A\000c\000t}{section.4.1}% 41
\BOOKMARK [1][-]{section.4.2}{\376\377\006\054\006\062\006\046\006\314\006\047\006\052\000\040\006\176\006\314\006\047\006\057\006\107\040\014\006\063\006\047\006\062\006\314}{chapter.4}% 42
\BOOKMARK [2][-]{subsection.4.2.1}{\376\377\006\176\006\314\006\064\040\014\006\176\006\061\006\057\006\047\006\062\006\064\000\040\006\057\006\047\006\057\006\107\040\014\006\107\006\047}{section.4.2}% 43
\BOOKMARK [2][-]{subsection.4.2.2}{\376\377\006\042\006\105\006\110\006\062\006\064\000\040\006\105\006\057\006\104}{section.4.2}% 44
\BOOKMARK [2][-]{subsection.4.2.3}{\376\377\006\105\006\071\006\314\006\047\006\061\006\107\006\047\006\314\000\040\006\047\006\061\006\062\006\314\006\047\006\050\006\314}{section.4.2}% 45
\BOOKMARK [2][-]{subsection.4.2.4}{\376\377\006\047\006\050\006\061\006\176\006\047\006\061\006\047\006\105\006\052\006\061\006\107\006\047}{section.4.2}% 46
\BOOKMARK [1][-]{section.4.3}{\376\377\006\106\006\052\006\047\006\314\006\054}{chapter.4}% 47
\BOOKMARK [2][-]{subsection.4.3.1}{\376\377\006\106\006\052\006\047\006\314\006\054\000\040\006\042\006\062\006\105\006\047\006\314\006\064\040\014\006\107\006\047\006\314\000\040\006\057\006\061\006\110\006\106\040\014\006\105\006\054\006\105\006\110\006\071\006\107\040\014\006\047\006\314}{section.4.3}% 48
\BOOKMARK [2][-]{subsection.4.3.2}{\376\377\006\106\006\052\006\047\006\314\006\054\000\040\006\042\006\062\006\105\006\047\006\314\006\064\040\014\006\107\006\047\006\314\000\040\006\050\006\314\006\106\040\014\006\105\006\054\006\105\006\110\006\071\006\107\040\014\006\047\006\314}{section.4.3}% 49
\BOOKMARK [1][-]{section.4.4}{\376\377\006\054\006\062\006\046\006\314\006\047\006\052\000\040\006\047\006\054\006\061\006\047}{chapter.4}% 50
\BOOKMARK [1][-]{section.4.5}{\376\377\006\054\006\105\006\071\040\014\006\050\006\106\006\057\006\314}{chapter.4}% 51
\BOOKMARK [0][-]{chapter.5}{\376\377\006\054\006\105\006\071\040\014\006\050\006\106\006\057\006\112\000\040\006\110\000\040\006\106\006\052\006\112\006\054\006\107\040\014\006\257\006\112\006\061\006\112\000\040\006\110\000\040\006\176\006\314\006\064\006\106\006\107\006\047\006\057\006\047\006\052}{}% 52
\BOOKMARK [1][-]{section.5.1}{\376\377\006\054\006\105\006\071\040\014\006\050\006\106\006\057\006\314}{chapter.5}% 53
\BOOKMARK [1][-]{section.5.2}{\376\377\006\251\006\047\006\061\006\107\006\047\006\314\000\040\006\042\006\052\006\314}{chapter.5}% 54
\BOOKMARK [0][-]{appendix*.37}{\376\377\006\105\006\106\006\047\006\050\006\071\000\040\006\110\000\040\006\105\006\061\006\047\006\054\006\071}{}% 55
